Analysis & Synthesis report for ex6_top
Fri Nov 23 11:45:45 2018
Quartus Prime Version 18.1.0 Build 625 09/12/2018 SJ Lite Edition


---------------------
; Table of Contents ;
---------------------
  1. Legal Notice
  2. Analysis & Synthesis Summary
  3. Analysis & Synthesis Settings
  4. Parallel Compilation
  5. Analysis & Synthesis Source Files Read
  6. Analysis & Synthesis Resource Usage Summary
  7. Analysis & Synthesis Resource Utilization by Entity
  8. General Register Statistics
  9. Multiplexer Restructuring Statistics (Restructuring Performed)
 10. Parameter Settings for User Entity Instance: clktick:ClockDivider
 11. Parameter Settings for User Entity Instance: counter_16:Counter
 12. Port Connectivity Checks: "hex_to_7seg:Display4"
 13. Port Connectivity Checks: "hex_to_7seg:Display3"
 14. Port Connectivity Checks: "hex_to_7seg:Display2"
 15. Port Connectivity Checks: "hex_to_7seg:Display1"
 16. Port Connectivity Checks: "hex_to_7seg:Display0"
 17. Port Connectivity Checks: "bin2bcd_16:BCDDecoder|add3_ge5:A31"
 18. Port Connectivity Checks: "bin2bcd_16:BCDDecoder|add3_ge5:A19"
 19. Port Connectivity Checks: "bin2bcd_16:BCDDecoder|add3_ge5:A10"
 20. Port Connectivity Checks: "bin2bcd_16:BCDDecoder|add3_ge5:A4"
 21. Port Connectivity Checks: "bin2bcd_16:BCDDecoder|add3_ge5:A1"
 22. Port Connectivity Checks: "bin2bcd_16:BCDDecoder"
 23. Port Connectivity Checks: "clktick:ClockDivider"
 24. Post-Synthesis Netlist Statistics for Top Partition
 25. Elapsed Time Per Partition
 26. Analysis & Synthesis Messages
 27. Analysis & Synthesis Suppressed Messages



----------------
; Legal Notice ;
----------------
Copyright (C) 2018  Intel Corporation. All rights reserved.
Your use of Intel Corporation's design tools, logic functions 
and other software and tools, and its AMPP partner logic 
functions, and any output files from any of the foregoing 
(including device programming or simulation files), and any 
associated documentation or information are expressly subject 
to the terms and conditions of the Intel Program License 
Subscription Agreement, the Intel Quartus Prime License Agreement,
the Intel FPGA IP License Agreement, or other applicable license
agreement, including, without limitation, that your use is for
the sole purpose of programming logic devices manufactured by
Intel and sold by Intel or its authorized distributors.  Please
refer to the applicable agreement for further details.



+-------------------------------------------------------------------------------+
; Analysis & Synthesis Summary                                                  ;
+---------------------------------+---------------------------------------------+
; Analysis & Synthesis Status     ; Successful - Fri Nov 23 11:45:45 2018       ;
; Quartus Prime Version           ; 18.1.0 Build 625 09/12/2018 SJ Lite Edition ;
; Revision Name                   ; ex6_top                                     ;
; Top-level Entity Name           ; ex6_top                                     ;
; Family                          ; Cyclone V                                   ;
; Logic utilization (in ALMs)     ; N/A                                         ;
; Total registers                 ; 33                                          ;
; Total pins                      ; 38                                          ;
; Total virtual pins              ; 0                                           ;
; Total block memory bits         ; 0                                           ;
; Total DSP Blocks                ; 0                                           ;
; Total HSSI RX PCSs              ; 0                                           ;
; Total HSSI PMA RX Deserializers ; 0                                           ;
; Total HSSI TX PCSs              ; 0                                           ;
; Total HSSI PMA TX Serializers   ; 0                                           ;
; Total PLLs                      ; 0                                           ;
; Total DLLs                      ; 0                                           ;
+---------------------------------+---------------------------------------------+


+---------------------------------------------------------------------------------------------------------------------------+
; Analysis & Synthesis Settings                                                                                             ;
+---------------------------------------------------------------------------------+--------------------+--------------------+
; Option                                                                          ; Setting            ; Default Value      ;
+---------------------------------------------------------------------------------+--------------------+--------------------+
; Device                                                                          ; 5CSEMA5F31C6       ;                    ;
; Top-level entity name                                                           ; ex6_top            ; ex6_top            ;
; Family name                                                                     ; Cyclone V          ; Cyclone V          ;
; Use smart compilation                                                           ; Off                ; Off                ;
; Enable parallel Assembler and Timing Analyzer during compilation                ; On                 ; On                 ;
; Enable compact report table                                                     ; Off                ; Off                ;
; Restructure Multiplexers                                                        ; Auto               ; Auto               ;
; MLAB Add Timing Constraints For Mixed-Port Feed-Through Mode Setting Don't Care ; Off                ; Off                ;
; Create Debugging Nodes for IP Cores                                             ; Off                ; Off                ;
; Preserve fewer node names                                                       ; On                 ; On                 ;
; Intel FPGA IP Evaluation Mode                                                   ; Enable             ; Enable             ;
; Verilog Version                                                                 ; Verilog_2001       ; Verilog_2001       ;
; VHDL Version                                                                    ; VHDL_1993          ; VHDL_1993          ;
; State Machine Processing                                                        ; Auto               ; Auto               ;
; Safe State Machine                                                              ; Off                ; Off                ;
; Extract Verilog State Machines                                                  ; On                 ; On                 ;
; Extract VHDL State Machines                                                     ; On                 ; On                 ;
; Ignore Verilog initial constructs                                               ; Off                ; Off                ;
; Iteration limit for constant Verilog loops                                      ; 5000               ; 5000               ;
; Iteration limit for non-constant Verilog loops                                  ; 250                ; 250                ;
; Add Pass-Through Logic to Inferred RAMs                                         ; On                 ; On                 ;
; Infer RAMs from Raw Logic                                                       ; On                 ; On                 ;
; Parallel Synthesis                                                              ; On                 ; On                 ;
; DSP Block Balancing                                                             ; Auto               ; Auto               ;
; NOT Gate Push-Back                                                              ; On                 ; On                 ;
; Power-Up Don't Care                                                             ; On                 ; On                 ;
; Remove Redundant Logic Cells                                                    ; Off                ; Off                ;
; Remove Duplicate Registers                                                      ; On                 ; On                 ;
; Ignore CARRY Buffers                                                            ; Off                ; Off                ;
; Ignore CASCADE Buffers                                                          ; Off                ; Off                ;
; Ignore GLOBAL Buffers                                                           ; Off                ; Off                ;
; Ignore ROW GLOBAL Buffers                                                       ; Off                ; Off                ;
; Ignore LCELL Buffers                                                            ; Off                ; Off                ;
; Ignore SOFT Buffers                                                             ; On                 ; On                 ;
; Limit AHDL Integers to 32 Bits                                                  ; Off                ; Off                ;
; Optimization Technique                                                          ; Balanced           ; Balanced           ;
; Carry Chain Length                                                              ; 70                 ; 70                 ;
; Auto Carry Chains                                                               ; On                 ; On                 ;
; Auto Open-Drain Pins                                                            ; On                 ; On                 ;
; Perform WYSIWYG Primitive Resynthesis                                           ; Off                ; Off                ;
; Auto ROM Replacement                                                            ; On                 ; On                 ;
; Auto RAM Replacement                                                            ; On                 ; On                 ;
; Auto DSP Block Replacement                                                      ; On                 ; On                 ;
; Auto Shift Register Replacement                                                 ; Auto               ; Auto               ;
; Allow Shift Register Merging across Hierarchies                                 ; Auto               ; Auto               ;
; Auto Clock Enable Replacement                                                   ; On                 ; On                 ;
; Strict RAM Replacement                                                          ; Off                ; Off                ;
; Allow Synchronous Control Signals                                               ; On                 ; On                 ;
; Force Use of Synchronous Clear Signals                                          ; Off                ; Off                ;
; Auto Resource Sharing                                                           ; Off                ; Off                ;
; Allow Any RAM Size For Recognition                                              ; Off                ; Off                ;
; Allow Any ROM Size For Recognition                                              ; Off                ; Off                ;
; Allow Any Shift Register Size For Recognition                                   ; Off                ; Off                ;
; Use LogicLock Constraints during Resource Balancing                             ; On                 ; On                 ;
; Ignore translate_off and synthesis_off directives                               ; Off                ; Off                ;
; Timing-Driven Synthesis                                                         ; On                 ; On                 ;
; Report Parameter Settings                                                       ; On                 ; On                 ;
; Report Source Assignments                                                       ; On                 ; On                 ;
; Report Connectivity Checks                                                      ; On                 ; On                 ;
; Ignore Maximum Fan-Out Assignments                                              ; Off                ; Off                ;
; Synchronization Register Chain Length                                           ; 3                  ; 3                  ;
; Power Optimization During Synthesis                                             ; Normal compilation ; Normal compilation ;
; HDL message level                                                               ; Level2             ; Level2             ;
; Suppress Register Optimization Related Messages                                 ; Off                ; Off                ;
; Number of Removed Registers Reported in Synthesis Report                        ; 5000               ; 5000               ;
; Number of Swept Nodes Reported in Synthesis Report                              ; 5000               ; 5000               ;
; Number of Inverted Registers Reported in Synthesis Report                       ; 100                ; 100                ;
; Clock MUX Protection                                                            ; On                 ; On                 ;
; Auto Gated Clock Conversion                                                     ; Off                ; Off                ;
; Block Design Naming                                                             ; Auto               ; Auto               ;
; SDC constraint protection                                                       ; Off                ; Off                ;
; Synthesis Effort                                                                ; Auto               ; Auto               ;
; Shift Register Replacement - Allow Asynchronous Clear Signal                    ; On                 ; On                 ;
; Pre-Mapping Resynthesis Optimization                                            ; Off                ; Off                ;
; Analysis & Synthesis Message Level                                              ; Medium             ; Medium             ;
; Disable Register Merging Across Hierarchies                                     ; Auto               ; Auto               ;
; Resource Aware Inference For Block RAM                                          ; On                 ; On                 ;
; Automatic Parallel Synthesis                                                    ; On                 ; On                 ;
; Partial Reconfiguration Bitstream ID                                            ; Off                ; Off                ;
+---------------------------------------------------------------------------------+--------------------+--------------------+


+------------------------------------------+
; Parallel Compilation                     ;
+----------------------------+-------------+
; Processors                 ; Number      ;
+----------------------------+-------------+
; Number detected on machine ; 4           ;
; Maximum allowed            ; 2           ;
;                            ;             ;
; Average used               ; 1.00        ;
; Maximum used               ; 2           ;
;                            ;             ;
; Usage by Processor         ; % Time Used ;
;     Processor 1            ; 100.0%      ;
;     Processor 2            ;   0.0%      ;
+----------------------------+-------------+


+---------------------------------------------------------------------------------------------------------------------------------------------------------------------------+
; Analysis & Synthesis Source Files Read                                                                                                                                    ;
+----------------------------------+-----------------+------------------------+-----------------------------------------------------------------------------------+---------+
; File Name with User-Entered Path ; Used in Netlist ; File Type              ; File Name with Absolute Path                                                      ; Library ;
+----------------------------------+-----------------+------------------------+-----------------------------------------------------------------------------------+---------+
; clktick.v                        ; yes             ; User Verilog HDL File  ; /home/mpardalos/Documents/Imperial/Year_2/Lab/VERI/Part2/Experiment6/clktick.v    ;         ;
; ../../lib/bin2bcd_16.v           ; yes             ; User Verilog HDL File  ; /home/mpardalos/Documents/Imperial/Year_2/Lab/VERI/lib/bin2bcd_16.v               ;         ;
; ../../lib/add3_ge5.v             ; yes             ; User Verilog HDL File  ; /home/mpardalos/Documents/Imperial/Year_2/Lab/VERI/lib/add3_ge5.v                 ;         ;
; ../../lib/hex_to_7seg.v          ; yes             ; User Verilog HDL File  ; /home/mpardalos/Documents/Imperial/Year_2/Lab/VERI/lib/hex_to_7seg.v              ;         ;
; ex6_top.v                        ; yes             ; User Verilog HDL File  ; /home/mpardalos/Documents/Imperial/Year_2/Lab/VERI/Part2/Experiment6/ex6_top.v    ;         ;
; counter_16.v                     ; yes             ; User Verilog HDL File  ; /home/mpardalos/Documents/Imperial/Year_2/Lab/VERI/Part2/Experiment6/counter_16.v ;         ;
+----------------------------------+-----------------+------------------------+-----------------------------------------------------------------------------------+---------+


+--------------------------------------------------------------+
; Analysis & Synthesis Resource Usage Summary                  ;
+---------------------------------------------+----------------+
; Resource                                    ; Usage          ;
+---------------------------------------------+----------------+
; Estimate of Logic utilization (ALMs needed) ; 108            ;
;                                             ;                ;
; Combinational ALUT usage for logic          ; 202            ;
;     -- 7 input functions                    ; 0              ;
;     -- 6 input functions                    ; 14             ;
;     -- 5 input functions                    ; 4              ;
;     -- 4 input functions                    ; 146            ;
;     -- <=3 input functions                  ; 38             ;
;                                             ;                ;
; Dedicated logic registers                   ; 33             ;
;                                             ;                ;
; I/O pins                                    ; 38             ;
;                                             ;                ;
; Total DSP Blocks                            ; 0              ;
;                                             ;                ;
; Maximum fan-out node                        ; CLOCK_50~input ;
; Maximum fan-out                             ; 33             ;
; Total fan-out                               ; 954            ;
; Average fan-out                             ; 3.07           ;
+---------------------------------------------+----------------+


+----------------------------------------------------------------------------------------------------------------------------------------------------------------------------------------------------------------+
; Analysis & Synthesis Resource Utilization by Entity                                                                                                                                                            ;
+----------------------------+---------------------+---------------------------+-------------------+------------+------+--------------+---------------------------------------------+-------------+--------------+
; Compilation Hierarchy Node ; Combinational ALUTs ; Dedicated Logic Registers ; Block Memory Bits ; DSP Blocks ; Pins ; Virtual Pins ; Full Hierarchy Name                         ; Entity Name ; Library Name ;
+----------------------------+---------------------+---------------------------+-------------------+------------+------+--------------+---------------------------------------------+-------------+--------------+
; |ex6_top                   ; 202 (0)             ; 33 (0)                    ; 0                 ; 0          ; 38   ; 0            ; |ex6_top                                    ; ex6_top     ; work         ;
;    |bin2bcd_16:BCDDecoder| ; 124 (0)             ; 0 (0)                     ; 0                 ; 0          ; 0    ; 0            ; |ex6_top|bin2bcd_16:BCDDecoder              ; bin2bcd_16  ; work         ;
;       |add3_ge5:A10|       ; 1 (1)               ; 0 (0)                     ; 0                 ; 0          ; 0    ; 0            ; |ex6_top|bin2bcd_16:BCDDecoder|add3_ge5:A10 ; add3_ge5    ; work         ;
;       |add3_ge5:A11|       ; 4 (4)               ; 0 (0)                     ; 0                 ; 0          ; 0    ; 0            ; |ex6_top|bin2bcd_16:BCDDecoder|add3_ge5:A11 ; add3_ge5    ; work         ;
;       |add3_ge5:A12|       ; 4 (4)               ; 0 (0)                     ; 0                 ; 0          ; 0    ; 0            ; |ex6_top|bin2bcd_16:BCDDecoder|add3_ge5:A12 ; add3_ge5    ; work         ;
;       |add3_ge5:A13|       ; 4 (4)               ; 0 (0)                     ; 0                 ; 0          ; 0    ; 0            ; |ex6_top|bin2bcd_16:BCDDecoder|add3_ge5:A13 ; add3_ge5    ; work         ;
;       |add3_ge5:A14|       ; 4 (4)               ; 0 (0)                     ; 0                 ; 0          ; 0    ; 0            ; |ex6_top|bin2bcd_16:BCDDecoder|add3_ge5:A14 ; add3_ge5    ; work         ;
;       |add3_ge5:A15|       ; 4 (4)               ; 0 (0)                     ; 0                 ; 0          ; 0    ; 0            ; |ex6_top|bin2bcd_16:BCDDecoder|add3_ge5:A15 ; add3_ge5    ; work         ;
;       |add3_ge5:A16|       ; 4 (4)               ; 0 (0)                     ; 0                 ; 0          ; 0    ; 0            ; |ex6_top|bin2bcd_16:BCDDecoder|add3_ge5:A16 ; add3_ge5    ; work         ;
;       |add3_ge5:A17|       ; 4 (4)               ; 0 (0)                     ; 0                 ; 0          ; 0    ; 0            ; |ex6_top|bin2bcd_16:BCDDecoder|add3_ge5:A17 ; add3_ge5    ; work         ;
;       |add3_ge5:A18|       ; 4 (4)               ; 0 (0)                     ; 0                 ; 0          ; 0    ; 0            ; |ex6_top|bin2bcd_16:BCDDecoder|add3_ge5:A18 ; add3_ge5    ; work         ;
;       |add3_ge5:A19|       ; 1 (1)               ; 0 (0)                     ; 0                 ; 0          ; 0    ; 0            ; |ex6_top|bin2bcd_16:BCDDecoder|add3_ge5:A19 ; add3_ge5    ; work         ;
;       |add3_ge5:A1|        ; 1 (1)               ; 0 (0)                     ; 0                 ; 0          ; 0    ; 0            ; |ex6_top|bin2bcd_16:BCDDecoder|add3_ge5:A1  ; add3_ge5    ; work         ;
;       |add3_ge5:A20|       ; 4 (4)               ; 0 (0)                     ; 0                 ; 0          ; 0    ; 0            ; |ex6_top|bin2bcd_16:BCDDecoder|add3_ge5:A20 ; add3_ge5    ; work         ;
;       |add3_ge5:A21|       ; 4 (4)               ; 0 (0)                     ; 0                 ; 0          ; 0    ; 0            ; |ex6_top|bin2bcd_16:BCDDecoder|add3_ge5:A21 ; add3_ge5    ; work         ;
;       |add3_ge5:A22|       ; 4 (4)               ; 0 (0)                     ; 0                 ; 0          ; 0    ; 0            ; |ex6_top|bin2bcd_16:BCDDecoder|add3_ge5:A22 ; add3_ge5    ; work         ;
;       |add3_ge5:A23|       ; 4 (4)               ; 0 (0)                     ; 0                 ; 0          ; 0    ; 0            ; |ex6_top|bin2bcd_16:BCDDecoder|add3_ge5:A23 ; add3_ge5    ; work         ;
;       |add3_ge5:A24|       ; 4 (4)               ; 0 (0)                     ; 0                 ; 0          ; 0    ; 0            ; |ex6_top|bin2bcd_16:BCDDecoder|add3_ge5:A24 ; add3_ge5    ; work         ;
;       |add3_ge5:A25|       ; 4 (4)               ; 0 (0)                     ; 0                 ; 0          ; 0    ; 0            ; |ex6_top|bin2bcd_16:BCDDecoder|add3_ge5:A25 ; add3_ge5    ; work         ;
;       |add3_ge5:A26|       ; 4 (4)               ; 0 (0)                     ; 0                 ; 0          ; 0    ; 0            ; |ex6_top|bin2bcd_16:BCDDecoder|add3_ge5:A26 ; add3_ge5    ; work         ;
;       |add3_ge5:A27|       ; 4 (4)               ; 0 (0)                     ; 0                 ; 0          ; 0    ; 0            ; |ex6_top|bin2bcd_16:BCDDecoder|add3_ge5:A27 ; add3_ge5    ; work         ;
;       |add3_ge5:A28|       ; 4 (4)               ; 0 (0)                     ; 0                 ; 0          ; 0    ; 0            ; |ex6_top|bin2bcd_16:BCDDecoder|add3_ge5:A28 ; add3_ge5    ; work         ;
;       |add3_ge5:A29|       ; 4 (4)               ; 0 (0)                     ; 0                 ; 0          ; 0    ; 0            ; |ex6_top|bin2bcd_16:BCDDecoder|add3_ge5:A29 ; add3_ge5    ; work         ;
;       |add3_ge5:A2|        ; 4 (4)               ; 0 (0)                     ; 0                 ; 0          ; 0    ; 0            ; |ex6_top|bin2bcd_16:BCDDecoder|add3_ge5:A2  ; add3_ge5    ; work         ;
;       |add3_ge5:A30|       ; 4 (4)               ; 0 (0)                     ; 0                 ; 0          ; 0    ; 0            ; |ex6_top|bin2bcd_16:BCDDecoder|add3_ge5:A30 ; add3_ge5    ; work         ;
;       |add3_ge5:A32|       ; 4 (4)               ; 0 (0)                     ; 0                 ; 0          ; 0    ; 0            ; |ex6_top|bin2bcd_16:BCDDecoder|add3_ge5:A32 ; add3_ge5    ; work         ;
;       |add3_ge5:A33|       ; 4 (4)               ; 0 (0)                     ; 0                 ; 0          ; 0    ; 0            ; |ex6_top|bin2bcd_16:BCDDecoder|add3_ge5:A33 ; add3_ge5    ; work         ;
;       |add3_ge5:A34|       ; 4 (4)               ; 0 (0)                     ; 0                 ; 0          ; 0    ; 0            ; |ex6_top|bin2bcd_16:BCDDecoder|add3_ge5:A34 ; add3_ge5    ; work         ;
;       |add3_ge5:A35|       ; 4 (4)               ; 0 (0)                     ; 0                 ; 0          ; 0    ; 0            ; |ex6_top|bin2bcd_16:BCDDecoder|add3_ge5:A35 ; add3_ge5    ; work         ;
;       |add3_ge5:A3|        ; 4 (4)               ; 0 (0)                     ; 0                 ; 0          ; 0    ; 0            ; |ex6_top|bin2bcd_16:BCDDecoder|add3_ge5:A3  ; add3_ge5    ; work         ;
;       |add3_ge5:A4|        ; 1 (1)               ; 0 (0)                     ; 0                 ; 0          ; 0    ; 0            ; |ex6_top|bin2bcd_16:BCDDecoder|add3_ge5:A4  ; add3_ge5    ; work         ;
;       |add3_ge5:A5|        ; 4 (4)               ; 0 (0)                     ; 0                 ; 0          ; 0    ; 0            ; |ex6_top|bin2bcd_16:BCDDecoder|add3_ge5:A5  ; add3_ge5    ; work         ;
;       |add3_ge5:A6|        ; 4 (4)               ; 0 (0)                     ; 0                 ; 0          ; 0    ; 0            ; |ex6_top|bin2bcd_16:BCDDecoder|add3_ge5:A6  ; add3_ge5    ; work         ;
;       |add3_ge5:A7|        ; 4 (4)               ; 0 (0)                     ; 0                 ; 0          ; 0    ; 0            ; |ex6_top|bin2bcd_16:BCDDecoder|add3_ge5:A7  ; add3_ge5    ; work         ;
;       |add3_ge5:A8|        ; 4 (4)               ; 0 (0)                     ; 0                 ; 0          ; 0    ; 0            ; |ex6_top|bin2bcd_16:BCDDecoder|add3_ge5:A8  ; add3_ge5    ; work         ;
;       |add3_ge5:A9|        ; 4 (4)               ; 0 (0)                     ; 0                 ; 0          ; 0    ; 0            ; |ex6_top|bin2bcd_16:BCDDecoder|add3_ge5:A9  ; add3_ge5    ; work         ;
;    |clktick:ClockDivider|  ; 20 (20)             ; 17 (17)                   ; 0                 ; 0          ; 0    ; 0            ; |ex6_top|clktick:ClockDivider               ; clktick     ; work         ;
;    |counter_16:Counter|    ; 17 (17)             ; 16 (16)                   ; 0                 ; 0          ; 0    ; 0            ; |ex6_top|counter_16:Counter                 ; counter_16  ; work         ;
;    |hex_to_7seg:Display0|  ; 7 (7)               ; 0 (0)                     ; 0                 ; 0          ; 0    ; 0            ; |ex6_top|hex_to_7seg:Display0               ; hex_to_7seg ; work         ;
;    |hex_to_7seg:Display1|  ; 7 (7)               ; 0 (0)                     ; 0                 ; 0          ; 0    ; 0            ; |ex6_top|hex_to_7seg:Display1               ; hex_to_7seg ; work         ;
;    |hex_to_7seg:Display2|  ; 7 (7)               ; 0 (0)                     ; 0                 ; 0          ; 0    ; 0            ; |ex6_top|hex_to_7seg:Display2               ; hex_to_7seg ; work         ;
;    |hex_to_7seg:Display3|  ; 7 (7)               ; 0 (0)                     ; 0                 ; 0          ; 0    ; 0            ; |ex6_top|hex_to_7seg:Display3               ; hex_to_7seg ; work         ;
;    |hex_to_7seg:Display4|  ; 13 (13)             ; 0 (0)                     ; 0                 ; 0          ; 0    ; 0            ; |ex6_top|hex_to_7seg:Display4               ; hex_to_7seg ; work         ;
+----------------------------+---------------------+---------------------------+-------------------+------------+------+--------------+---------------------------------------------+-------------+--------------+
Note: For table entries with two numbers listed, the numbers in parentheses indicate the number of resources of the given type used by the specific entity alone. The numbers listed outside of parentheses indicate the total resources of the given type used by the specific entity and all of its sub-entities in the hierarchy.


+------------------------------------------------------+
; General Register Statistics                          ;
+----------------------------------------------+-------+
; Statistic                                    ; Value ;
+----------------------------------------------+-------+
; Total registers                              ; 33    ;
; Number of registers using Synchronous Clear  ; 32    ;
; Number of registers using Synchronous Load   ; 0     ;
; Number of registers using Asynchronous Clear ; 0     ;
; Number of registers using Asynchronous Load  ; 0     ;
; Number of registers using Clock Enable       ; 16    ;
; Number of registers using Preset             ; 0     ;
+----------------------------------------------+-------+


+----------------------------------------------------------------------------------------------------------------------------------------------------+
; Multiplexer Restructuring Statistics (Restructuring Performed)                                                                                     ;
+--------------------+-----------+---------------+----------------------+------------------------+------------+--------------------------------------+
; Multiplexer Inputs ; Bus Width ; Baseline Area ; Area if Restructured ; Saving if Restructured ; Registered ; Example Multiplexer Output           ;
+--------------------+-----------+---------------+----------------------+------------------------+------------+--------------------------------------+
; 3:1                ; 16 bits   ; 32 LEs        ; 0 LEs                ; 32 LEs                 ; Yes        ; |ex6_top|counter_16:Counter|count[0] ;
+--------------------+-----------+---------------+----------------------+------------------------+------------+--------------------------------------+


+-------------------------------------------------------------------+
; Parameter Settings for User Entity Instance: clktick:ClockDivider ;
+----------------+------------------+-------------------------------+
; Parameter Name ; Value            ; Type                          ;
+----------------+------------------+-------------------------------+
; N_BIT          ; 16               ; Signed Integer                ;
; MAX_COUNT      ; 1100001101010000 ; Unsigned Binary               ;
+----------------+------------------+-------------------------------+
Note: In order to hide this table in the UI and the text report file, please set the "Show Parameter Settings in Synthesis Report" option in "Analysis and Synthesis Settings -> More Settings" to "Off".


+-----------------------------------------------------------------+
; Parameter Settings for User Entity Instance: counter_16:Counter ;
+----------------+-------+----------------------------------------+
; Parameter Name ; Value ; Type                                   ;
+----------------+-------+----------------------------------------+
; BIT_SZ         ; 16    ; Signed Integer                         ;
+----------------+-------+----------------------------------------+
Note: In order to hide this table in the UI and the text report file, please set the "Show Parameter Settings in Synthesis Report" option in "Analysis and Synthesis Settings -> More Settings" to "Off".


+------------------------------------------------------------------------------------------------------------------------------------------------------------------------------------------------------------+
; Port Connectivity Checks: "hex_to_7seg:Display4"                                                                                                                                                           ;
+------+-------+----------+----------------------------------------------------------------------------------------------------------------------------------------------------------------------------------+
; Port ; Type  ; Severity ; Details                                                                                                                                                                          ;
+------+-------+----------+----------------------------------------------------------------------------------------------------------------------------------------------------------------------------------+
; in   ; Input ; Warning  ; Input port expression (6 bits) is wider than the input port (4 bits) it drives.  The 2 most-significant bit(s) in the expression will be dangling if they have no other fanouts. ;
+------+-------+----------+----------------------------------------------------------------------------------------------------------------------------------------------------------------------------------+


+------------------------------------------------------------------------------------------------------------------------------------------------------------------------------------------------------------+
; Port Connectivity Checks: "hex_to_7seg:Display3"                                                                                                                                                           ;
+------+-------+----------+----------------------------------------------------------------------------------------------------------------------------------------------------------------------------------+
; Port ; Type  ; Severity ; Details                                                                                                                                                                          ;
+------+-------+----------+----------------------------------------------------------------------------------------------------------------------------------------------------------------------------------+
; in   ; Input ; Warning  ; Input port expression (6 bits) is wider than the input port (4 bits) it drives.  The 2 most-significant bit(s) in the expression will be dangling if they have no other fanouts. ;
+------+-------+----------+----------------------------------------------------------------------------------------------------------------------------------------------------------------------------------+


+------------------------------------------------------------------------------------------------------------------------------------------------------------------------------------------------------------+
; Port Connectivity Checks: "hex_to_7seg:Display2"                                                                                                                                                           ;
+------+-------+----------+----------------------------------------------------------------------------------------------------------------------------------------------------------------------------------+
; Port ; Type  ; Severity ; Details                                                                                                                                                                          ;
+------+-------+----------+----------------------------------------------------------------------------------------------------------------------------------------------------------------------------------+
; in   ; Input ; Warning  ; Input port expression (6 bits) is wider than the input port (4 bits) it drives.  The 2 most-significant bit(s) in the expression will be dangling if they have no other fanouts. ;
+------+-------+----------+----------------------------------------------------------------------------------------------------------------------------------------------------------------------------------+


+------------------------------------------------------------------------------------------------------------------------------------------------------------------------------------------------------------+
; Port Connectivity Checks: "hex_to_7seg:Display1"                                                                                                                                                           ;
+------+-------+----------+----------------------------------------------------------------------------------------------------------------------------------------------------------------------------------+
; Port ; Type  ; Severity ; Details                                                                                                                                                                          ;
+------+-------+----------+----------------------------------------------------------------------------------------------------------------------------------------------------------------------------------+
; in   ; Input ; Warning  ; Input port expression (6 bits) is wider than the input port (4 bits) it drives.  The 2 most-significant bit(s) in the expression will be dangling if they have no other fanouts. ;
+------+-------+----------+----------------------------------------------------------------------------------------------------------------------------------------------------------------------------------+


+------------------------------------------------------------------------------------------------------------------------------------------------------------------------------------------------------------+
; Port Connectivity Checks: "hex_to_7seg:Display0"                                                                                                                                                           ;
+------+-------+----------+----------------------------------------------------------------------------------------------------------------------------------------------------------------------------------+
; Port ; Type  ; Severity ; Details                                                                                                                                                                          ;
+------+-------+----------+----------------------------------------------------------------------------------------------------------------------------------------------------------------------------------+
; in   ; Input ; Warning  ; Input port expression (6 bits) is wider than the input port (4 bits) it drives.  The 2 most-significant bit(s) in the expression will be dangling if they have no other fanouts. ;
+------+-------+----------+----------------------------------------------------------------------------------------------------------------------------------------------------------------------------------+


+-----------------------------------------------------------------------------------------------------------------+
; Port Connectivity Checks: "bin2bcd_16:BCDDecoder|add3_ge5:A31"                                                  ;
+-------+--------+----------+-------------------------------------------------------------------------------------+
; Port  ; Type   ; Severity ; Details                                                                             ;
+-------+--------+----------+-------------------------------------------------------------------------------------+
; iW[3] ; Input  ; Info     ; Stuck at GND                                                                        ;
; oA[3] ; Output ; Info     ; Connected to dangling logic. Logic that only feeds a dangling port will be removed. ;
+-------+--------+----------+-------------------------------------------------------------------------------------+


+----------------------------------------------------------------+
; Port Connectivity Checks: "bin2bcd_16:BCDDecoder|add3_ge5:A19" ;
+-------+-------+----------+-------------------------------------+
; Port  ; Type  ; Severity ; Details                             ;
+-------+-------+----------+-------------------------------------+
; iW[3] ; Input ; Info     ; Stuck at GND                        ;
+-------+-------+----------+-------------------------------------+


+----------------------------------------------------------------+
; Port Connectivity Checks: "bin2bcd_16:BCDDecoder|add3_ge5:A10" ;
+-------+-------+----------+-------------------------------------+
; Port  ; Type  ; Severity ; Details                             ;
+-------+-------+----------+-------------------------------------+
; iW[3] ; Input ; Info     ; Stuck at GND                        ;
+-------+-------+----------+-------------------------------------+


+---------------------------------------------------------------+
; Port Connectivity Checks: "bin2bcd_16:BCDDecoder|add3_ge5:A4" ;
+-------+-------+----------+------------------------------------+
; Port  ; Type  ; Severity ; Details                            ;
+-------+-------+----------+------------------------------------+
; iW[3] ; Input ; Info     ; Stuck at GND                       ;
+-------+-------+----------+------------------------------------+


+---------------------------------------------------------------+
; Port Connectivity Checks: "bin2bcd_16:BCDDecoder|add3_ge5:A1" ;
+-------+-------+----------+------------------------------------+
; Port  ; Type  ; Severity ; Details                            ;
+-------+-------+----------+------------------------------------+
; iW[3] ; Input ; Info     ; Stuck at GND                       ;
+-------+-------+----------+------------------------------------+


+---------------------------------------------------------------------------------------------------------------------------------------------------------------------------------------------------+
; Port Connectivity Checks: "bin2bcd_16:BCDDecoder"                                                                                                                                                 ;
+-------+--------+----------+-----------------------------------------------------------------------------------------------------------------------------------------------------------------------+
; Port  ; Type   ; Severity ; Details                                                                                                                                                               ;
+-------+--------+----------+-----------------------------------------------------------------------------------------------------------------------------------------------------------------------+
; BCD_0 ; Output ; Warning  ; Output or bidir port (4 bits) is smaller than the port expression (6 bits) it drives.  The 2 most-significant bit(s) in the port expression will be connected to GND. ;
; BCD_1 ; Output ; Warning  ; Output or bidir port (4 bits) is smaller than the port expression (6 bits) it drives.  The 2 most-significant bit(s) in the port expression will be connected to GND. ;
; BCD_2 ; Output ; Warning  ; Output or bidir port (4 bits) is smaller than the port expression (6 bits) it drives.  The 2 most-significant bit(s) in the port expression will be connected to GND. ;
; BCD_3 ; Output ; Warning  ; Output or bidir port (4 bits) is smaller than the port expression (6 bits) it drives.  The 2 most-significant bit(s) in the port expression will be connected to GND. ;
; BCD_4 ; Output ; Warning  ; Output or bidir port (4 bits) is smaller than the port expression (6 bits) it drives.  The 2 most-significant bit(s) in the port expression will be connected to GND. ;
+-------+--------+----------+-----------------------------------------------------------------------------------------------------------------------------------------------------------------------+


+--------------------------------------------------+
; Port Connectivity Checks: "clktick:ClockDivider" ;
+--------+-------+----------+----------------------+
; Port   ; Type  ; Severity ; Details              ;
+--------+-------+----------+----------------------+
; enable ; Input ; Info     ; Stuck at VCC         ;
+--------+-------+----------+----------------------+


+-----------------------------------------------------+
; Post-Synthesis Netlist Statistics for Top Partition ;
+-----------------------+-----------------------------+
; Type                  ; Count                       ;
+-----------------------+-----------------------------+
; arriav_ff             ; 33                          ;
;     ENA SCLR          ; 16                          ;
;     SCLR              ; 16                          ;
;     plain             ; 1                           ;
; arriav_lcell_comb     ; 219                         ;
;     arith             ; 32                          ;
;         1 data inputs ; 32                          ;
;     normal            ; 187                         ;
;         1 data inputs ; 17                          ;
;         2 data inputs ; 1                           ;
;         3 data inputs ; 5                           ;
;         4 data inputs ; 146                         ;
;         5 data inputs ; 4                           ;
;         6 data inputs ; 14                          ;
; boundary_port         ; 38                          ;
;                       ;                             ;
; Max LUT depth         ; 15.00                       ;
; Average LUT depth     ; 10.12                       ;
+-----------------------+-----------------------------+


+-------------------------------+
; Elapsed Time Per Partition    ;
+----------------+--------------+
; Partition Name ; Elapsed Time ;
+----------------+--------------+
; Top            ; 00:00:00     ;
+----------------+--------------+


+-------------------------------+
; Analysis & Synthesis Messages ;
+-------------------------------+
Info: *******************************************************************
Info: Running Quartus Prime Analysis & Synthesis
    Info: Version 18.1.0 Build 625 09/12/2018 SJ Lite Edition
    Info: Processing started: Fri Nov 23 11:45:35 2018
Info: Command: quartus_map --read_settings_files=on --write_settings_files=off ex6 -c ex6_top
Warning (18236): Number of processors has not been specified which may cause overloading on shared machines.  Set the global assignment NUM_PARALLEL_PROCESSORS in your QSF to an appropriate value for best performance.
Info (20030): Parallel compilation is enabled and will use 2 of the 2 processors detected
Info (12021): Found 1 design units, including 1 entities, in source file clktick.v
    Info (12023): Found entity 1: clktick File: /home/mpardalos/Documents/Imperial/Year_2/Lab/VERI/Part2/Experiment6/clktick.v Line: 1
Info (12021): Found 1 design units, including 1 entities, in source file /home/mpardalos/Documents/Imperial/Year_2/Lab/VERI/lib/bin2bcd_16.v
    Info (12023): Found entity 1: bin2bcd_16 File: /home/mpardalos/Documents/Imperial/Year_2/Lab/VERI/lib/bin2bcd_16.v Line: 12
Info (12021): Found 1 design units, including 1 entities, in source file /home/mpardalos/Documents/Imperial/Year_2/Lab/VERI/lib/add3_ge5.v
    Info (12023): Found entity 1: add3_ge5 File: /home/mpardalos/Documents/Imperial/Year_2/Lab/VERI/lib/add3_ge5.v Line: 9
Info (12021): Found 1 design units, including 1 entities, in source file /home/mpardalos/Documents/Imperial/Year_2/Lab/VERI/lib/hex_to_7seg.v
    Info (12023): Found entity 1: hex_to_7seg File: /home/mpardalos/Documents/Imperial/Year_2/Lab/VERI/lib/hex_to_7seg.v Line: 1
Info (12021): Found 1 design units, including 1 entities, in source file ex6_top.v
    Info (12023): Found entity 1: ex6_top File: /home/mpardalos/Documents/Imperial/Year_2/Lab/VERI/Part2/Experiment6/ex6_top.v Line: 1
Info (12021): Found 1 design units, including 1 entities, in source file counter_16.v
    Info (12023): Found entity 1: counter_16 File: /home/mpardalos/Documents/Imperial/Year_2/Lab/VERI/Part2/Experiment6/counter_16.v Line: 3
Info (12127): Elaborating entity "ex6_top" for the top level hierarchy
Info (12128): Elaborating entity "clktick" for hierarchy "clktick:ClockDivider" File: /home/mpardalos/Documents/Imperial/Year_2/Lab/VERI/Part2/Experiment6/ex6_top.v Line: 25
Info (12128): Elaborating entity "counter_16" for hierarchy "counter_16:Counter" File: /home/mpardalos/Documents/Imperial/Year_2/Lab/VERI/Part2/Experiment6/ex6_top.v Line: 27
Info (12128): Elaborating entity "bin2bcd_16" for hierarchy "bin2bcd_16:BCDDecoder" File: /home/mpardalos/Documents/Imperial/Year_2/Lab/VERI/Part2/Experiment6/ex6_top.v Line: 29
Info (12128): Elaborating entity "add3_ge5" for hierarchy "bin2bcd_16:BCDDecoder|add3_ge5:A1" File: /home/mpardalos/Documents/Imperial/Year_2/Lab/VERI/lib/bin2bcd_16.v Line: 26
Info (12128): Elaborating entity "hex_to_7seg" for hierarchy "hex_to_7seg:Display0" File: /home/mpardalos/Documents/Imperial/Year_2/Lab/VERI/Part2/Experiment6/ex6_top.v Line: 31
Warning (12011): Net is missing source, defaulting to GND
    Warning (12110): Net "bcd0[5]" is missing source, defaulting to GND File: /home/mpardalos/Documents/Imperial/Year_2/Lab/VERI/Part2/Experiment6/ex6_top.v Line: 17
    Warning (12110): Net "bcd0[4]" is missing source, defaulting to GND File: /home/mpardalos/Documents/Imperial/Year_2/Lab/VERI/Part2/Experiment6/ex6_top.v Line: 17
    Warning (12110): Net "bcd1[5]" is missing source, defaulting to GND File: /home/mpardalos/Documents/Imperial/Year_2/Lab/VERI/Part2/Experiment6/ex6_top.v Line: 18
    Warning (12110): Net "bcd1[4]" is missing source, defaulting to GND File: /home/mpardalos/Documents/Imperial/Year_2/Lab/VERI/Part2/Experiment6/ex6_top.v Line: 18
    Warning (12110): Net "bcd2[5]" is missing source, defaulting to GND File: /home/mpardalos/Documents/Imperial/Year_2/Lab/VERI/Part2/Experiment6/ex6_top.v Line: 19
    Warning (12110): Net "bcd2[4]" is missing source, defaulting to GND File: /home/mpardalos/Documents/Imperial/Year_2/Lab/VERI/Part2/Experiment6/ex6_top.v Line: 19
    Warning (12110): Net "bcd3[5]" is missing source, defaulting to GND File: /home/mpardalos/Documents/Imperial/Year_2/Lab/VERI/Part2/Experiment6/ex6_top.v Line: 20
    Warning (12110): Net "bcd3[4]" is missing source, defaulting to GND File: /home/mpardalos/Documents/Imperial/Year_2/Lab/VERI/Part2/Experiment6/ex6_top.v Line: 20
    Warning (12110): Net "bcd4[5]" is missing source, defaulting to GND File: /home/mpardalos/Documents/Imperial/Year_2/Lab/VERI/Part2/Experiment6/ex6_top.v Line: 21
    Warning (12110): Net "bcd4[4]" is missing source, defaulting to GND File: /home/mpardalos/Documents/Imperial/Year_2/Lab/VERI/Part2/Experiment6/ex6_top.v Line: 21
Warning (12011): Net is missing source, defaulting to GND
    Warning (12110): Net "bcd0[5]" is missing source, defaulting to GND File: /home/mpardalos/Documents/Imperial/Year_2/Lab/VERI/Part2/Experiment6/ex6_top.v Line: 17
    Warning (12110): Net "bcd0[4]" is missing source, defaulting to GND File: /home/mpardalos/Documents/Imperial/Year_2/Lab/VERI/Part2/Experiment6/ex6_top.v Line: 17
    Warning (12110): Net "bcd1[5]" is missing source, defaulting to GND File: /home/mpardalos/Documents/Imperial/Year_2/Lab/VERI/Part2/Experiment6/ex6_top.v Line: 18
    Warning (12110): Net "bcd1[4]" is missing source, defaulting to GND File: /home/mpardalos/Documents/Imperial/Year_2/Lab/VERI/Part2/Experiment6/ex6_top.v Line: 18
    Warning (12110): Net "bcd2[5]" is missing source, defaulting to GND File: /home/mpardalos/Documents/Imperial/Year_2/Lab/VERI/Part2/Experiment6/ex6_top.v Line: 19
    Warning (12110): Net "bcd2[4]" is missing source, defaulting to GND File: /home/mpardalos/Documents/Imperial/Year_2/Lab/VERI/Part2/Experiment6/ex6_top.v Line: 19
    Warning (12110): Net "bcd3[5]" is missing source, defaulting to GND File: /home/mpardalos/Documents/Imperial/Year_2/Lab/VERI/Part2/Experiment6/ex6_top.v Line: 20
    Warning (12110): Net "bcd3[4]" is missing source, defaulting to GND File: /home/mpardalos/Documents/Imperial/Year_2/Lab/VERI/Part2/Experiment6/ex6_top.v Line: 20
    Warning (12110): Net "bcd4[5]" is missing source, defaulting to GND File: /home/mpardalos/Documents/Imperial/Year_2/Lab/VERI/Part2/Experiment6/ex6_top.v Line: 21
    Warning (12110): Net "bcd4[4]" is missing source, defaulting to GND File: /home/mpardalos/Documents/Imperial/Year_2/Lab/VERI/Part2/Experiment6/ex6_top.v Line: 21
Warning (12011): Net is missing source, defaulting to GND
    Warning (12110): Net "bcd0[5]" is missing source, defaulting to GND File: /home/mpardalos/Documents/Imperial/Year_2/Lab/VERI/Part2/Experiment6/ex6_top.v Line: 17
    Warning (12110): Net "bcd0[4]" is missing source, defaulting to GND File: /home/mpardalos/Documents/Imperial/Year_2/Lab/VERI/Part2/Experiment6/ex6_top.v Line: 17
    Warning (12110): Net "bcd1[5]" is missing source, defaulting to GND File: /home/mpardalos/Documents/Imperial/Year_2/Lab/VERI/Part2/Experiment6/ex6_top.v Line: 18
    Warning (12110): Net "bcd1[4]" is missing source, defaulting to GND File: /home/mpardalos/Documents/Imperial/Year_2/Lab/VERI/Part2/Experiment6/ex6_top.v Line: 18
    Warning (12110): Net "bcd2[5]" is missing source, defaulting to GND File: /home/mpardalos/Documents/Imperial/Year_2/Lab/VERI/Part2/Experiment6/ex6_top.v Line: 19
    Warning (12110): Net "bcd2[4]" is missing source, defaulting to GND File: /home/mpardalos/Documents/Imperial/Year_2/Lab/VERI/Part2/Experiment6/ex6_top.v Line: 19
    Warning (12110): Net "bcd3[5]" is missing source, defaulting to GND File: /home/mpardalos/Documents/Imperial/Year_2/Lab/VERI/Part2/Experiment6/ex6_top.v Line: 20
    Warning (12110): Net "bcd3[4]" is missing source, defaulting to GND File: /home/mpardalos/Documents/Imperial/Year_2/Lab/VERI/Part2/Experiment6/ex6_top.v Line: 20
    Warning (12110): Net "bcd4[5]" is missing source, defaulting to GND File: /home/mpardalos/Documents/Imperial/Year_2/Lab/VERI/Part2/Experiment6/ex6_top.v Line: 21
    Warning (12110): Net "bcd4[4]" is missing source, defaulting to GND File: /home/mpardalos/Documents/Imperial/Year_2/Lab/VERI/Part2/Experiment6/ex6_top.v Line: 21
Warning (12241): 6 hierarchies have connectivity warnings - see the Connectivity Checks report folder
Info (286030): Timing-Driven Synthesis is running
Info (144001): Generated suppressed messages file /home/mpardalos/Documents/Imperial/Year_2/Lab/VERI/Part2/Experiment6/output_files/ex6_top.map.smsg
Info (16010): Generating hard_block partition "hard_block:auto_generated_inst"
    Info (16011): Adding 0 node(s), including 0 DDIO, 0 PLL, 0 transceiver and 0 LCELL
Info (21057): Implemented 241 device resources after synthesis - the final resource count might be different
    Info (21058): Implemented 3 input pins
    Info (21059): Implemented 35 output pins
    Info (21061): Implemented 203 logic cells
Info: Quartus Prime Analysis & Synthesis was successful. 0 errors, 35 warnings
    Info: Peak virtual memory: 993 megabytes
    Info: Processing ended: Fri Nov 23 11:45:45 2018
    Info: Elapsed time: 00:00:10
    Info: Total CPU time (on all processors): 00:00:22


+------------------------------------------+
; Analysis & Synthesis Suppressed Messages ;
+------------------------------------------+
The suppressed messages can be found in /home/mpardalos/Documents/Imperial/Year_2/Lab/VERI/Part2/Experiment6/output_files/ex6_top.map.smsg.


